<?xml version="1.0" encoding="UTF-8"?>
<!-- Generated by org.testng.reporters.JUnitReportReporter -->
<testsuite hostname="DESKTOP-SS9KUUU" failures="0" tests="2" name="example.example.tests.GoogleSearchTest" time="8.928" errors="0" timestamp="23 May 2023 10:44:52 GMT" skipped="0">
  <testcase classname="example.example.tests.GoogleSearchTest" name="googleSearchTest1" time="5.908"/>
  <testcase classname="example.example.tests.GoogleSearchTest" name="googleSearchTest2" time="3.020"/>
</testsuite> <!-- example.example.tests.GoogleSearchTest -->
