<?xml version="1.0" encoding="UTF-8"?>
<!-- Generated by org.testng.reporters.JUnitReportReporter -->
<testsuite hostname="DESKTOP-SS9KUUU" failures="0" tests="1" name="example.example.tests.GoogleSearchTest" time="4.329" errors="0" timestamp="22 May 2023 09:48:45 GMT" skipped="0">
  <testcase classname="example.example.tests.GoogleSearchTest" name="googleSearchTest" time="4.329"/>
</testsuite> <!-- example.example.tests.GoogleSearchTest -->
