<?xml version="1.0" encoding="UTF-8"?>
<!-- Generated by org.testng.reporters.JUnitReportReporter -->
<testsuite hostname="DESKTOP-SS9KUUU" failures="0" tests="1" name="example.example.tests.GoogleSearchTest" time="5.417" errors="0" timestamp="23 May 2023 11:25:32 GMT" skipped="0">
  <testcase classname="example.example.tests.GoogleSearchTest" name="googleSearchTest" time="5.417"/>
</testsuite> <!-- example.example.tests.GoogleSearchTest -->
